Arguments: 
  C:\workspace\software\nodejs\node-v16.15.0-win-x64\node.exe C:\Users\sven.liebig\.node\corepack\yarn\1.22.15\bin\yarn.js

PATH: 
  C:\workspace\software\maven\apache-maven-3.8.3\bin;C:\workspace\software\java\jdk-11.0.2\bin;C:\workspace\software\nodejs\node-v16.15.0-win-x64;C:\workspace\software\PowerShell-7.0.4-win-x64;C:\Windows\system32;C:\Windows;C:\Windows\System32\Wbem;C:\Windows\System32\WindowsPowerShell\v1.0\;C:\Windows\System32\OpenSSH\;C:\Program Files\Git\cmd;;C:\Program Files\Docker\Docker\resources\bin;C:\ProgramData\DockerDesktop\version-bin;C:\Users\sven.liebig\AppData\Local\Microsoft\WindowsApps;C:\workspace\software\vscode\bin;C:\workspace\software\openshift;C:\workspace\software\go\bin;C:\Users\sven.liebig\AppData\Local\Programs\oh-my-posh\bin;C:\workspace\software\nvim-win64\bin

Yarn version: 
  1.22.15

Node version: 
  16.15.0

Platform: 
  win32 x64

Trace: 
  Error: ENOENT: no such file or directory, copyfile 'C:\workspace\.cache\yarn\v6\npm-estraverse-4.3.0-398ad3f3c5a24948be7725e83d11a7de28cdbd1d-integrity\node_modules\estraverse\.jshintrc' -> 'C:\workspace\git\vscode-typescript-mock-creator\node_modules\@typescript-eslint\utils\node_modules\estraverse\.jshintrc'

npm manifest: 
  {
    "name": "typescript-mock-creator",
    "displayName": "typescript-mock-creator",
    "description": "",
    "version": "0.0.1",
    "engines": {
      "vscode": "^1.71.0"
    },
    "categories": [
      "Other"
    ],
    "activationEvents": [
      "*"
    ],
    "main": "./out/extension.js",
    "contributes": {
      "commands": [
        {
          "command": "typescript-mock-creator.generateMock",
          "title": "Generate Mock",
          "category": "TypeScript Mock Creator",
          "enablement": "editorLangId in tsmc.supportedLangIds"
        }
      ],
      "menus": {},
      "configuration": {
        "title": "TypeScript Mock Creatoe",
        "properties": {
          "tsmc.mockLocation": {
            "type": "string",
            "markdownDescription": "The relative location of the created mocks, starting from the source file root.",
            "default": "../__mocks__"
          }
        }
      }
    },
    "release": {
      "branches": "main",
      "plugins": [
        "@semantic-release/commit-analyzer",
        "@semantic-release/release-notes-generator",
        "@semantic-release/changelog",
        [
          "@semantic-release/npm",
          {
            "npmPublish": false
          }
        ],
        [
          "@semantic-release/git",
          {
            "assets": [
              "./CHANGELOG.md",
              "package.json"
            ],
            "message": "chore(release): ${nextRelease.version} [skip ci]\n\n${nextRelease.notes}"
          }
        ]
      ],
      "verifyConditions": [
        "@semantic-release/github"
      ],
      "publish": [
        "@semantic-release/github"
      ],
      "success": [
        "@semantic-release/github"
      ],
      "fail": [
        "@semantic-release/github"
      ]
    },
    "scripts": {
      "vscode:prepublish": "pnpm run compile",
      "compile": "tsc -p ./",
      "watch": "tsc -watch -p ./",
      "pretest": "pnpm run compile && pnpm run lint",
      "lint": "eslint src --ext ts",
      "test": "node ./out/test/runTest.js"
    },
    "devDependencies": {
      "@semantic-release/changelog": "^5.0.1",
      "@semantic-release/commit-analyzer": "^8.0.1",
      "@semantic-release/git": "^9.0.1",
      "@semantic-release/github": "^7.2.3",
      "@semantic-release/npm": "^7.1.3",
      "@semantic-release/release-notes-generator": "^9.0.3",
      "@types/glob": "^7.2.0",
      "@types/mocha": "^9.1.1",
      "@types/node": "16.x",
      "@types/vscode": "^1.71.0",
      "@typescript-eslint/eslint-plugin": "^5.31.0",
      "@typescript-eslint/parser": "^5.31.0",
      "@vscode/test-electron": "^2.1.5",
      "eslint": "^8.20.0",
      "glob": "^8.0.3",
      "mocha": "^10.0.0",
      "typescript": "^4.7.4"
    },
    "dependencies": {
      "ts-partial-type-resolver": "^0.1.4"
    }
  }

yarn manifest: 
  No manifest

Lockfile: 
  No lockfile
